<?xml version="1.0" encoding="UTF-8"?>
<!-- Generated by org.testng.reporters.JUnitXMLReporter -->
<testsuite ignored="0" hostname="Saran" failures="0" tests="3" name="EdgeTest" time="6.468" errors="0" timestamp="2025-05-13T17:33:24 IST">
  <testcase classname="ParameterTest.ParameterisationTest" name="testLogo" time="0.046"/>
  <testcase classname="ParameterTest.ParameterisationTest" name="testTitle" time="0.015"/>
  <testcase classname="ParameterTest.ParameterisationTest" name="testURL" time="0.013"/>
</testsuite> <!-- EdgeTest -->
