<?xml version="1.0" encoding="UTF-8"?>
<!-- Generated by org.testng.reporters.JUnitXMLReporter -->
<testsuite ignored="0" hostname="Saran" failures="0" tests="3" name="Test" time="5.01" errors="0" timestamp="2025-05-13T16:23:11 IST">
  <testcase classname="ParameterTest.ParameterisationTest" name="testLogo" time="0.065"/>
  <testcase classname="ParameterTest.ParameterisationTest" name="testTitle" time="0.014"/>
  <testcase classname="ParameterTest.ParameterisationTest" name="testURL" time="0.015"/>
</testsuite> <!-- Test -->
