<?xml version="1.0" encoding="UTF-8"?>
<!-- Generated by org.testng.reporters.JUnitXMLReporter -->
<testsuite ignored="6" hostname="Saran" failures="0" tests="3" name="groupingtest" time="0.119" errors="0" timestamp="2025-05-12T21:00:32 IST">
  <testcase classname="Grouping.LoginTests" name="loginbyEmail" time="0.031"/>
  <testcase classname="Grouping.LoginTests" name="loginbyPhone" time="0.002"/>
  <testcase classname="Grouping.LoginTests" name="loginbyFacebook" time="0.002"/>
  <testcase classname="Grouping.SignupTest" name="signupbyEmail" time="0.0">
    <ignored/>
  </testcase> <!-- signupbyEmail -->
  <testcase classname="Grouping.PaymentTest" name="paymentbyDebitCard" time="0.0">
    <ignored/>
  </testcase> <!-- paymentbyDebitCard -->
  <testcase classname="Grouping.PaymentTest" name="paymentbyCreditCard" time="0.0">
    <ignored/>
  </testcase> <!-- paymentbyCreditCard -->
  <testcase classname="Grouping.SignupTest" name="signupbyFacebook" time="0.0">
    <ignored/>
  </testcase> <!-- signupbyFacebook -->
  <testcase classname="Grouping.PaymentTest" name="paymentbyPayPal" time="0.0">
    <ignored/>
  </testcase> <!-- paymentbyPayPal -->
  <testcase classname="Grouping.SignupTest" name="signupbyPhone" time="0.0">
    <ignored/>
  </testcase> <!-- signupbyPhone -->
</testsuite> <!-- groupingtest -->
