<?xml version="1.0" encoding="UTF-8"?>
<!-- Generated by org.testng.reporters.JUnitXMLReporter -->
<testsuite ignored="0" hostname="Saran" failures="1" tests="3" name="Test" time="5.36" errors="0" timestamp="2025-05-14T19:14:07 IST">
  <testcase classname="Listeners.SampleTest" name="testLogo" time="0.066"/>
  <testcase classname="Listeners.SampleTest" name="testTitle" time="0.019">
    <failure type="java.lang.AssertionError" message="expected [Swag ] but found [Swag Labs]">
      <![CDATA[java.lang.AssertionError: expected [Swag ] but found [Swag Labs]
at Listeners.SampleTest.testTitle(SampleTest.java:35)
at java.base/java.util.ArrayList.forEach(ArrayList.java:1597)
... Removed 31 stack frames]]>
    </failure>
  </testcase> <!-- testTitle -->
  <testcase classname="Listeners.SampleTest" name="testURL" time="0.0">
    <skipped/>
  </testcase> <!-- testURL -->
</testsuite> <!-- Test -->
